C:\USERS\Борис\DOCUMENTS\VISUAL STUDIO 2012\PROJECTS\NUMBER2\NUMBER2\DEBUG\MAIN.OBJ
C:\USERS\БОРИС\DOCUMENTS\VISUAL STUDIO 2012\PROJECTS\NUMBER2\NUMBER2\DEBUG\VC110.PDB
C:\USERS\Борис\DOCUMENTS\VISUAL STUDIO 2012\PROJECTS\NUMBER2\DEBUG\NUMBER2.ILK
C:\USERS\Борис\DOCUMENTS\VISUAL STUDIO 2012\PROJECTS\NUMBER2\DEBUG\NUMBER2.EXE
C:\USERS\БОРИС\DOCUMENTS\VISUAL STUDIO 2012\PROJECTS\NUMBER2\DEBUG\NUMBER2.PDB
C:\Users\Борис\Documents\Visual Studio 2012\Projects\Number2\Number2\Debug\main.obj
C:\Users\Борис\Documents\Visual Studio 2012\Projects\Number2\Number2\Debug\cl.command.1.tlog
C:\Users\Борис\Documents\Visual Studio 2012\Projects\Number2\Number2\Debug\CL.read.1.tlog
C:\Users\Борис\Documents\Visual Studio 2012\Projects\Number2\Number2\Debug\CL.write.1.tlog
C:\Users\Борис\Documents\Visual Studio 2012\Projects\Number2\Number2\Debug\link-cvtres.read.1.tlog
C:\Users\Борис\Documents\Visual Studio 2012\Projects\Number2\Number2\Debug\link-cvtres.write.1.tlog
C:\Users\Борис\Documents\Visual Studio 2012\Projects\Number2\Number2\Debug\link-rc.read.1.tlog
C:\Users\Борис\Documents\Visual Studio 2012\Projects\Number2\Number2\Debug\link-rc.write.1.tlog
C:\Users\Борис\Documents\Visual Studio 2012\Projects\Number2\Number2\Debug\link.command.1.tlog
C:\Users\Борис\Documents\Visual Studio 2012\Projects\Number2\Number2\Debug\link.read.1.tlog
C:\Users\Борис\Documents\Visual Studio 2012\Projects\Number2\Number2\Debug\link.write.1.tlog
C:\Users\Борис\Documents\Visual Studio 2012\Projects\Number2\Number2\Debug\vc110.idb
C:\Users\Борис\Documents\Visual Studio 2012\Projects\Number2\Number2\Debug\vc110.pdb
C:\Users\Борис\Documents\Visual Studio 2012\Projects\Number2\Debug\Number2.pdb
C:\Users\Борис\Documents\Visual Studio 2012\Projects\Number2\Debug\Number2.exe
C:\Users\Борис\Documents\Visual Studio 2012\Projects\Number2\Debug\Number2.ilk
