C:\USERS\Борис\DOCUMENTS\VISUAL STUDIO 2012\PROJECTS\KNAPSACK\KNAPSACK\DEBUG\MAIN.OBJ
C:\USERS\БОРИС\DOCUMENTS\VISUAL STUDIO 2012\PROJECTS\KNAPSACK\KNAPSACK\DEBUG\VC110.PDB
C:\USERS\Борис\DOCUMENTS\VISUAL STUDIO 2012\PROJECTS\KNAPSACK\DEBUG\KNAPSACK.ILK
C:\USERS\Борис\DOCUMENTS\VISUAL STUDIO 2012\PROJECTS\KNAPSACK\DEBUG\KNAPSACK.EXE
C:\USERS\БОРИС\DOCUMENTS\VISUAL STUDIO 2012\PROJECTS\KNAPSACK\DEBUG\KNAPSACK.PDB
C:\Users\Борис\Documents\Visual Studio 2012\Projects\Knapsack\Knapsack\Debug\Main.obj
C:\Users\Борис\Documents\Visual Studio 2012\Projects\Knapsack\Knapsack\Debug\cl.command.1.tlog
C:\Users\Борис\Documents\Visual Studio 2012\Projects\Knapsack\Knapsack\Debug\CL.read.1.tlog
C:\Users\Борис\Documents\Visual Studio 2012\Projects\Knapsack\Knapsack\Debug\CL.write.1.tlog
C:\Users\Борис\Documents\Visual Studio 2012\Projects\Knapsack\Knapsack\Debug\link-cvtres.read.1.tlog
C:\Users\Борис\Documents\Visual Studio 2012\Projects\Knapsack\Knapsack\Debug\link-cvtres.write.1.tlog
C:\Users\Борис\Documents\Visual Studio 2012\Projects\Knapsack\Knapsack\Debug\link-rc.read.1.tlog
C:\Users\Борис\Documents\Visual Studio 2012\Projects\Knapsack\Knapsack\Debug\link-rc.write.1.tlog
C:\Users\Борис\Documents\Visual Studio 2012\Projects\Knapsack\Knapsack\Debug\link.command.1.tlog
C:\Users\Борис\Documents\Visual Studio 2012\Projects\Knapsack\Knapsack\Debug\link.read.1.tlog
C:\Users\Борис\Documents\Visual Studio 2012\Projects\Knapsack\Knapsack\Debug\link.write.1.tlog
C:\Users\Борис\Documents\Visual Studio 2012\Projects\Knapsack\Knapsack\Debug\vc110.idb
C:\Users\Борис\Documents\Visual Studio 2012\Projects\Knapsack\Knapsack\Debug\vc110.pdb
C:\Users\Борис\Documents\Visual Studio 2012\Projects\Knapsack\Debug\Knapsack.pdb
C:\Users\Борис\Documents\Visual Studio 2012\Projects\Knapsack\Debug\Knapsack.exe
C:\Users\Борис\Documents\Visual Studio 2012\Projects\Knapsack\Debug\Knapsack.ilk
