C:\USERS\БОРИС\DOCUMENTS\VISUAL STUDIO 2012\PROJECTS\КОМПЕНСАЦИОННОЕ СУММИРОВАНИЕ\КОМПЕНСАЦИОННОЕ СУММИРОВАНИЕ\DEBUG\VC110.PDB
C:\USERS\Борис\DOCUMENTS\VISUAL STUDIO 2012\PROJECTS\Компенсационное суммирование\Компенсационное суммирование\DEBUG\CODE.OBJ
C:\USERS\Борис\DOCUMENTS\VISUAL STUDIO 2012\PROJECTS\Компенсационное суммирование\DEBUG\Компенсационное суммирование.ILK
C:\USERS\Борис\DOCUMENTS\VISUAL STUDIO 2012\PROJECTS\Компенсационное суммирование\DEBUG\Компенсационное суммирование.EXE
C:\USERS\БОРИС\DOCUMENTS\VISUAL STUDIO 2012\PROJECTS\КОМПЕНСАЦИОННОЕ СУММИРОВАНИЕ\DEBUG\КОМПЕНСАЦИОННОЕ СУММИРОВАНИЕ.PDB
C:\Users\Борис\Documents\Visual Studio 2012\Projects\Компенсационное суммирование\Компенсационное суммирование\Debug\code.obj
C:\Users\Борис\Documents\Visual Studio 2012\Projects\Компенсационное суммирование\Компенсационное суммирование\Debug\cl.command.1.tlog
C:\Users\Борис\Documents\Visual Studio 2012\Projects\Компенсационное суммирование\Компенсационное суммирование\Debug\CL.read.1.tlog
C:\Users\Борис\Documents\Visual Studio 2012\Projects\Компенсационное суммирование\Компенсационное суммирование\Debug\CL.write.1.tlog
C:\Users\Борис\Documents\Visual Studio 2012\Projects\Компенсационное суммирование\Компенсационное суммирование\Debug\link-cvtres.read.1.tlog
C:\Users\Борис\Documents\Visual Studio 2012\Projects\Компенсационное суммирование\Компенсационное суммирование\Debug\link-cvtres.write.1.tlog
C:\Users\Борис\Documents\Visual Studio 2012\Projects\Компенсационное суммирование\Компенсационное суммирование\Debug\link-rc.read.1.tlog
C:\Users\Борис\Documents\Visual Studio 2012\Projects\Компенсационное суммирование\Компенсационное суммирование\Debug\link-rc.write.1.tlog
C:\Users\Борис\Documents\Visual Studio 2012\Projects\Компенсационное суммирование\Компенсационное суммирование\Debug\link.2860-cvtres.read.1.tlog
C:\Users\Борис\Documents\Visual Studio 2012\Projects\Компенсационное суммирование\Компенсационное суммирование\Debug\link.2860-cvtres.write.1.tlog
C:\Users\Борис\Documents\Visual Studio 2012\Projects\Компенсационное суммирование\Компенсационное суммирование\Debug\link.2860-rc.read.1.tlog
C:\Users\Борис\Documents\Visual Studio 2012\Projects\Компенсационное суммирование\Компенсационное суммирование\Debug\link.2860-rc.write.1.tlog
C:\Users\Борис\Documents\Visual Studio 2012\Projects\Компенсационное суммирование\Компенсационное суммирование\Debug\link.2860.read.1.tlog
C:\Users\Борис\Documents\Visual Studio 2012\Projects\Компенсационное суммирование\Компенсационное суммирование\Debug\link.2860.write.1.tlog
C:\Users\Борис\Documents\Visual Studio 2012\Projects\Компенсационное суммирование\Компенсационное суммирование\Debug\link.command.1.tlog
C:\Users\Борис\Documents\Visual Studio 2012\Projects\Компенсационное суммирование\Компенсационное суммирование\Debug\link.read.1.tlog
C:\Users\Борис\Documents\Visual Studio 2012\Projects\Компенсационное суммирование\Компенсационное суммирование\Debug\link.write.1.tlog
C:\Users\Борис\Documents\Visual Studio 2012\Projects\Компенсационное суммирование\Компенсационное суммирование\Debug\vc110.idb
C:\Users\Борис\Documents\Visual Studio 2012\Projects\Компенсационное суммирование\Компенсационное суммирование\Debug\vc110.pdb
C:\Users\Борис\Documents\Visual Studio 2012\Projects\Компенсационное суммирование\Debug\Компенсационное суммирование.pdb
C:\Users\Борис\Documents\Visual Studio 2012\Projects\Компенсационное суммирование\Debug\Компенсационное суммирование.exe
C:\Users\Борис\Documents\Visual Studio 2012\Projects\Компенсационное суммирование\Debug\Компенсационное суммирование.ilk
