C:\USERS\Борис\DOCUMENTS\VISUAL STUDIO 2012\PROJECTS\TELEPHONE_NOTE\TELEPHONE_NOTE\DEBUG\MAIN.OBJ
C:\USERS\БОРИС\DOCUMENTS\VISUAL STUDIO 2012\PROJECTS\TELEPHONE_NOTE\TELEPHONE_NOTE\DEBUG\VC110.PDB
C:\USERS\Борис\DOCUMENTS\VISUAL STUDIO 2012\PROJECTS\TELEPHONE_NOTE\DEBUG\TELEPHONE_NOTE.ILK
C:\USERS\Борис\DOCUMENTS\VISUAL STUDIO 2012\PROJECTS\TELEPHONE_NOTE\DEBUG\TELEPHONE_NOTE.EXE
C:\USERS\БОРИС\DOCUMENTS\VISUAL STUDIO 2012\PROJECTS\TELEPHONE_NOTE\DEBUG\TELEPHONE_NOTE.PDB
C:\Users\Борис\Documents\Visual Studio 2012\Projects\Telephone_note\Telephone_note\Debug\main.obj
C:\Users\Борис\Documents\Visual Studio 2012\Projects\Telephone_note\Telephone_note\Debug\cl.command.1.tlog
C:\Users\Борис\Documents\Visual Studio 2012\Projects\Telephone_note\Telephone_note\Debug\CL.read.1.tlog
C:\Users\Борис\Documents\Visual Studio 2012\Projects\Telephone_note\Telephone_note\Debug\CL.write.1.tlog
C:\Users\Борис\Documents\Visual Studio 2012\Projects\Telephone_note\Telephone_note\Debug\link-cvtres.read.1.tlog
C:\Users\Борис\Documents\Visual Studio 2012\Projects\Telephone_note\Telephone_note\Debug\link-cvtres.write.1.tlog
C:\Users\Борис\Documents\Visual Studio 2012\Projects\Telephone_note\Telephone_note\Debug\link-rc.read.1.tlog
C:\Users\Борис\Documents\Visual Studio 2012\Projects\Telephone_note\Telephone_note\Debug\link-rc.write.1.tlog
C:\Users\Борис\Documents\Visual Studio 2012\Projects\Telephone_note\Telephone_note\Debug\link.command.1.tlog
C:\Users\Борис\Documents\Visual Studio 2012\Projects\Telephone_note\Telephone_note\Debug\link.read.1.tlog
C:\Users\Борис\Documents\Visual Studio 2012\Projects\Telephone_note\Telephone_note\Debug\link.write.1.tlog
C:\Users\Борис\Documents\Visual Studio 2012\Projects\Telephone_note\Telephone_note\Debug\vc110.idb
C:\Users\Борис\Documents\Visual Studio 2012\Projects\Telephone_note\Telephone_note\Debug\vc110.pdb
C:\Users\Борис\Documents\Visual Studio 2012\Projects\Telephone_note\Debug\Telephone_note.pdb
C:\Users\Борис\Documents\Visual Studio 2012\Projects\Telephone_note\Debug\Telephone_note.exe
C:\Users\Борис\Documents\Visual Studio 2012\Projects\Telephone_note\Debug\Telephone_note.ilk
