C:\USERS\Борис\DOCUMENTS\VISUAL STUDIO 2012\PROJECTS\HAFFMEN_CODE\HAFFMEN_CODE\DEBUG\MAIN.OBJ
C:\USERS\БОРИС\DOCUMENTS\VISUAL STUDIO 2012\PROJECTS\HAFFMEN_CODE\HAFFMEN_CODE\DEBUG\VC110.PDB
C:\USERS\Борис\DOCUMENTS\VISUAL STUDIO 2012\PROJECTS\HAFFMEN_CODE\DEBUG\HAFFMEN_CODE.ILK
C:\USERS\Борис\DOCUMENTS\VISUAL STUDIO 2012\PROJECTS\HAFFMEN_CODE\DEBUG\HAFFMEN_CODE.EXE
C:\USERS\БОРИС\DOCUMENTS\VISUAL STUDIO 2012\PROJECTS\HAFFMEN_CODE\DEBUG\HAFFMEN_CODE.PDB
C:\Users\Борис\Documents\Visual Studio 2012\Projects\Haffmen_Code\Haffmen_Code\Debug\main.obj
C:\Users\Борис\Documents\Visual Studio 2012\Projects\Haffmen_Code\Haffmen_Code\Debug\cl.command.1.tlog
C:\Users\Борис\Documents\Visual Studio 2012\Projects\Haffmen_Code\Haffmen_Code\Debug\CL.read.1.tlog
C:\Users\Борис\Documents\Visual Studio 2012\Projects\Haffmen_Code\Haffmen_Code\Debug\CL.write.1.tlog
C:\Users\Борис\Documents\Visual Studio 2012\Projects\Haffmen_Code\Haffmen_Code\Debug\link-cvtres.read.1.tlog
C:\Users\Борис\Documents\Visual Studio 2012\Projects\Haffmen_Code\Haffmen_Code\Debug\link-cvtres.write.1.tlog
C:\Users\Борис\Documents\Visual Studio 2012\Projects\Haffmen_Code\Haffmen_Code\Debug\link-rc.read.1.tlog
C:\Users\Борис\Documents\Visual Studio 2012\Projects\Haffmen_Code\Haffmen_Code\Debug\link-rc.write.1.tlog
C:\Users\Борис\Documents\Visual Studio 2012\Projects\Haffmen_Code\Haffmen_Code\Debug\link.command.1.tlog
C:\Users\Борис\Documents\Visual Studio 2012\Projects\Haffmen_Code\Haffmen_Code\Debug\link.read.1.tlog
C:\Users\Борис\Documents\Visual Studio 2012\Projects\Haffmen_Code\Haffmen_Code\Debug\link.write.1.tlog
C:\Users\Борис\Documents\Visual Studio 2012\Projects\Haffmen_Code\Haffmen_Code\Debug\vc110.idb
C:\Users\Борис\Documents\Visual Studio 2012\Projects\Haffmen_Code\Haffmen_Code\Debug\vc110.pdb
C:\Users\Борис\Documents\Visual Studio 2012\Projects\Haffmen_Code\Debug\Haffmen_Code.pdb
C:\Users\Борис\Documents\Visual Studio 2012\Projects\Haffmen_Code\Debug\Haffmen_Code.exe
C:\Users\Борис\Documents\Visual Studio 2012\Projects\Haffmen_Code\Debug\Haffmen_Code.ilk
