C:\USERS\Борис\DOCUMENTS\VISUAL STUDIO 2012\PROJECTS\Беконечный ввод чисел\Беконечный ввод чисел\DEBUG\MAIN.OBJ
C:\USERS\БОРИС\DOCUMENTS\VISUAL STUDIO 2012\PROJECTS\БЕКОНЕЧНЫЙ ВВОД ЧИСЕЛ\БЕКОНЕЧНЫЙ ВВОД ЧИСЕЛ\DEBUG\VC110.PDB
C:\USERS\борис\DOCUMENTS\VISUAL STUDIO 2012\PROJECTS\Беконечный ввод чисел\DEBUG\Беконечный ввод чисел.ILK
C:\USERS\борис\DOCUMENTS\VISUAL STUDIO 2012\PROJECTS\Беконечный ввод чисел\DEBUG\Беконечный ввод чисел.EXE
C:\USERS\БОРИС\DOCUMENTS\VISUAL STUDIO 2012\PROJECTS\БЕКОНЕЧНЫЙ ВВОД ЧИСЕЛ\DEBUG\БЕКОНЕЧНЫЙ ВВОД ЧИСЕЛ.PDB
c:\Users\Борис\Documents\Visual Studio 2012\Projects\Беконечный ввод чисел\Беконечный ввод чисел\Debug\main.obj
c:\Users\Борис\Documents\Visual Studio 2012\Projects\Беконечный ввод чисел\Беконечный ввод чисел\Debug\cl.command.1.tlog
c:\Users\Борис\Documents\Visual Studio 2012\Projects\Беконечный ввод чисел\Беконечный ввод чисел\Debug\CL.read.1.tlog
c:\Users\Борис\Documents\Visual Studio 2012\Projects\Беконечный ввод чисел\Беконечный ввод чисел\Debug\CL.write.1.tlog
c:\Users\Борис\Documents\Visual Studio 2012\Projects\Беконечный ввод чисел\Беконечный ввод чисел\Debug\link-cvtres.read.1.tlog
c:\Users\Борис\Documents\Visual Studio 2012\Projects\Беконечный ввод чисел\Беконечный ввод чисел\Debug\link-cvtres.write.1.tlog
c:\Users\Борис\Documents\Visual Studio 2012\Projects\Беконечный ввод чисел\Беконечный ввод чисел\Debug\link-rc.read.1.tlog
c:\Users\Борис\Documents\Visual Studio 2012\Projects\Беконечный ввод чисел\Беконечный ввод чисел\Debug\link-rc.write.1.tlog
c:\Users\Борис\Documents\Visual Studio 2012\Projects\Беконечный ввод чисел\Беконечный ввод чисел\Debug\link.command.1.tlog
c:\Users\Борис\Documents\Visual Studio 2012\Projects\Беконечный ввод чисел\Беконечный ввод чисел\Debug\link.read.1.tlog
c:\Users\Борис\Documents\Visual Studio 2012\Projects\Беконечный ввод чисел\Беконечный ввод чисел\Debug\link.write.1.tlog
c:\Users\Борис\Documents\Visual Studio 2012\Projects\Беконечный ввод чисел\Беконечный ввод чисел\Debug\vc110.idb
c:\Users\Борис\Documents\Visual Studio 2012\Projects\Беконечный ввод чисел\Беконечный ввод чисел\Debug\vc110.pdb
c:\users\борис\Documents\Visual Studio 2012\Projects\Беконечный ввод чисел\Debug\Беконечный ввод чисел.pdb
c:\users\борис\Documents\Visual Studio 2012\Projects\Беконечный ввод чисел\Debug\Беконечный ввод чисел.exe
c:\users\борис\Documents\Visual Studio 2012\Projects\Беконечный ввод чисел\Debug\Беконечный ввод чисел.ilk
