C:\USERS\БОРИС\DOCUMENTS\VISUAL STUDIO 2012\PROJECTS\GOOGLE\GOOGLE\DEBUG\VC110.PDB
C:\USERS\Борис\DOCUMENTS\VISUAL STUDIO 2012\PROJECTS\GOOGLE\GOOGLE\DEBUG\GOOGLE_MAIN.OBJ
C:\USERS\Борис\DOCUMENTS\VISUAL STUDIO 2012\PROJECTS\GOOGLE\DEBUG\GOOGLE.ILK
C:\USERS\Борис\DOCUMENTS\VISUAL STUDIO 2012\PROJECTS\GOOGLE\DEBUG\GOOGLE.EXE
C:\USERS\БОРИС\DOCUMENTS\VISUAL STUDIO 2012\PROJECTS\GOOGLE\DEBUG\GOOGLE.PDB
C:\Users\Борис\Documents\Visual Studio 2012\Projects\Google\Google\Debug\google_main.obj
C:\Users\Борис\Documents\Visual Studio 2012\Projects\Google\Google\Debug\cl.command.1.tlog
C:\Users\Борис\Documents\Visual Studio 2012\Projects\Google\Google\Debug\CL.read.1.tlog
C:\Users\Борис\Documents\Visual Studio 2012\Projects\Google\Google\Debug\CL.write.1.tlog
C:\Users\Борис\Documents\Visual Studio 2012\Projects\Google\Google\Debug\link-cvtres.read.1.tlog
C:\Users\Борис\Documents\Visual Studio 2012\Projects\Google\Google\Debug\link-cvtres.write.1.tlog
C:\Users\Борис\Documents\Visual Studio 2012\Projects\Google\Google\Debug\link-rc.read.1.tlog
C:\Users\Борис\Documents\Visual Studio 2012\Projects\Google\Google\Debug\link-rc.write.1.tlog
C:\Users\Борис\Documents\Visual Studio 2012\Projects\Google\Google\Debug\link.command.1.tlog
C:\Users\Борис\Documents\Visual Studio 2012\Projects\Google\Google\Debug\link.read.1.tlog
C:\Users\Борис\Documents\Visual Studio 2012\Projects\Google\Google\Debug\link.write.1.tlog
C:\Users\Борис\Documents\Visual Studio 2012\Projects\Google\Google\Debug\vc110.idb
C:\Users\Борис\Documents\Visual Studio 2012\Projects\Google\Google\Debug\vc110.pdb
C:\Users\Борис\Documents\Visual Studio 2012\Projects\Google\Debug\Google.pdb
C:\Users\Борис\Documents\Visual Studio 2012\Projects\Google\Debug\Google.exe
C:\Users\Борис\Documents\Visual Studio 2012\Projects\Google\Debug\Google.ilk
