Build started 13.05.2013 10:13:07.
     1>Project "C:\Users\Борис\Documents\Visual Studio 2012\Projects\DateTime\DateTime\DateTime.vcxproj" on node 2 (Rebuild target(s)).
     1>ClCompile:
         C:\Program Files (x86)\Microsoft Visual Studio 11.0\VC\bin\CL.exe /c /ZI /nologo /W3 /WX- /Od /Oy- /D _MBCS /Gm /EHsc /RTC1 /MDd /GS /fp:precise /Zc:wchar_t /Zc:forScope /Fo"Debug\\" /Fd"Debug\vc110.pdb" /Gd /TP /analyze- /errorReport:prompt DateTime.cpp main.cpp
         main.cpp
         DateTime.cpp
     1>c:\users\борис\documents\visual studio 2012\projects\datetime\datetime\datetime.cpp(116): warning C4244: '+=' : conversion from 'const time_t' to 'int', possible loss of data
     1>c:\users\борис\documents\visual studio 2012\projects\datetime\datetime\datetime.cpp(138): warning C4244: '+=' : conversion from 'const time_t' to 'int', possible loss of data
     1>c:\users\борис\documents\visual studio 2012\projects\datetime\datetime\datetime.cpp(174): warning C4244: '+=' : conversion from 'const time_t' to 'int', possible loss of data
     1>c:\users\борис\documents\visual studio 2012\projects\datetime\datetime\datetime.cpp(204): warning C4244: 'return' : conversion from 'time_t' to 'int', possible loss of data
     1>c:\users\борис\documents\visual studio 2012\projects\datetime\datetime\datetime.cpp(210): warning C4244: '+=' : conversion from 'const time_t' to 'int', possible loss of data
     1>c:\users\борис\documents\visual studio 2012\projects\datetime\datetime\datetime.cpp(241): warning C4244: 'return' : conversion from 'time_t' to 'int', possible loss of data
     1>c:\users\борис\documents\visual studio 2012\projects\datetime\datetime\datetime.cpp(247): warning C4244: '+=' : conversion from 'const time_t' to 'int', possible loss of data
     1>c:\users\борис\documents\visual studio 2012\projects\datetime\datetime\datetime.cpp(279): warning C4244: 'return' : conversion from 'time_t' to 'int', possible loss of data
     1>c:\users\борис\documents\visual studio 2012\projects\datetime\datetime\datetime.cpp(285): warning C4244: '+=' : conversion from 'const time_t' to 'int', possible loss of data
     1>c:\users\борис\documents\visual studio 2012\projects\datetime\datetime\datetime.cpp(407): warning C4244: 'argument' : conversion from 'unsigned short' to 'unsigned char', possible loss of data
         Generating Code...
       Link:
         C:\Program Files (x86)\Microsoft Visual Studio 11.0\VC\bin\link.exe /ERRORREPORT:PROMPT /OUT:"C:\Users\Борис\Documents\Visual Studio 2012\Projects\DateTime\Debug\DateTime.exe" /INCREMENTAL /NOLOGO kernel32.lib user32.lib gdi32.lib winspool.lib comdlg32.lib advapi32.lib shell32.lib ole32.lib oleaut32.lib uuid.lib odbc32.lib odbccp32.lib /MANIFEST /MANIFESTUAC:"level='asInvoker' uiAccess='false'" /manifest:embed /DEBUG /PDB:"C:\Users\Борис\Documents\Visual Studio 2012\Projects\DateTime\Debug\DateTime.pdb" /TLBID:1 /DYNAMICBASE /NXCOMPAT /IMPLIB:"C:\Users\Борис\Documents\Visual Studio 2012\Projects\DateTime\Debug\DateTime.lib" /MACHINE:X86 Debug\DateTime.obj
         Debug\main.obj
         DateTime.vcxproj -> C:\Users\Борис\Documents\Visual Studio 2012\Projects\DateTime\Debug\DateTime.exe
     1>Done Building Project "C:\Users\Борис\Documents\Visual Studio 2012\Projects\DateTime\DateTime\DateTime.vcxproj" (Rebuild target(s)).

Build succeeded.

Time Elapsed 00:00:02.34
