C:\USERS\Борис\DOCUMENTS\VISUAL STUDIO 2012\PROJECTS\DATETIME\DATETIME\DEBUG\DATETIME.OBJ
C:\USERS\Борис\DOCUMENTS\VISUAL STUDIO 2012\PROJECTS\DATETIME\DATETIME\DEBUG\MAIN.OBJ
C:\USERS\БОРИС\DOCUMENTS\VISUAL STUDIO 2012\PROJECTS\DATETIME\DATETIME\DEBUG\VC110.PDB
C:\USERS\Борис\DOCUMENTS\VISUAL STUDIO 2012\PROJECTS\DATETIME\DEBUG\DATETIME.ILK
C:\USERS\Борис\DOCUMENTS\VISUAL STUDIO 2012\PROJECTS\DATETIME\DEBUG\DATETIME.EXE
C:\USERS\БОРИС\DOCUMENTS\VISUAL STUDIO 2012\PROJECTS\DATETIME\DEBUG\DATETIME.PDB
C:\Users\Борис\Documents\Visual Studio 2012\Projects\DateTime\DateTime\Debug\DateTime.obj
C:\Users\Борис\Documents\Visual Studio 2012\Projects\DateTime\DateTime\Debug\main.obj
C:\Users\Борис\Documents\Visual Studio 2012\Projects\DateTime\DateTime\Debug\cl.command.1.tlog
C:\Users\Борис\Documents\Visual Studio 2012\Projects\DateTime\DateTime\Debug\CL.read.1.tlog
C:\Users\Борис\Documents\Visual Studio 2012\Projects\DateTime\DateTime\Debug\CL.write.1.tlog
C:\Users\Борис\Documents\Visual Studio 2012\Projects\DateTime\DateTime\Debug\link-cvtres.read.1.tlog
C:\Users\Борис\Documents\Visual Studio 2012\Projects\DateTime\DateTime\Debug\link-cvtres.write.1.tlog
C:\Users\Борис\Documents\Visual Studio 2012\Projects\DateTime\DateTime\Debug\link-rc.read.1.tlog
C:\Users\Борис\Documents\Visual Studio 2012\Projects\DateTime\DateTime\Debug\link-rc.write.1.tlog
C:\Users\Борис\Documents\Visual Studio 2012\Projects\DateTime\DateTime\Debug\link.command.1.tlog
C:\Users\Борис\Documents\Visual Studio 2012\Projects\DateTime\DateTime\Debug\link.read.1.tlog
C:\Users\Борис\Documents\Visual Studio 2012\Projects\DateTime\DateTime\Debug\link.write.1.tlog
C:\Users\Борис\Documents\Visual Studio 2012\Projects\DateTime\DateTime\Debug\vc110.idb
C:\Users\Борис\Documents\Visual Studio 2012\Projects\DateTime\DateTime\Debug\vc110.pdb
C:\Users\Борис\Documents\Visual Studio 2012\Projects\DateTime\Debug\DateTime.pdb
C:\Users\Борис\Documents\Visual Studio 2012\Projects\DateTime\Debug\DateTime.exe
C:\Users\Борис\Documents\Visual Studio 2012\Projects\DateTime\Debug\DateTime.ilk
