C:\USERS\Борис\DOCUMENTS\VISUAL STUDIO 2012\PROJECTS\HASH TABLE\HASH TABLE\DEBUG\MAIN.OBJ
C:\USERS\БОРИС\DOCUMENTS\VISUAL STUDIO 2012\PROJECTS\HASH TABLE\HASH TABLE\DEBUG\VC110.PDB
C:\USERS\Борис\DOCUMENTS\VISUAL STUDIO 2012\PROJECTS\HASH TABLE\DEBUG\HASH TABLE.ILK
C:\USERS\Борис\DOCUMENTS\VISUAL STUDIO 2012\PROJECTS\HASH TABLE\DEBUG\HASH TABLE.EXE
C:\USERS\БОРИС\DOCUMENTS\VISUAL STUDIO 2012\PROJECTS\HASH TABLE\DEBUG\HASH TABLE.PDB
C:\Users\Борис\Documents\Visual Studio 2012\Projects\Hash Table\Hash Table\Debug\main.obj
C:\Users\Борис\Documents\Visual Studio 2012\Projects\Hash Table\Hash Table\Debug\cl.command.1.tlog
C:\Users\Борис\Documents\Visual Studio 2012\Projects\Hash Table\Hash Table\Debug\CL.read.1.tlog
C:\Users\Борис\Documents\Visual Studio 2012\Projects\Hash Table\Hash Table\Debug\CL.write.1.tlog
C:\Users\Борис\Documents\Visual Studio 2012\Projects\Hash Table\Hash Table\Debug\link-cvtres.read.1.tlog
C:\Users\Борис\Documents\Visual Studio 2012\Projects\Hash Table\Hash Table\Debug\link-cvtres.write.1.tlog
C:\Users\Борис\Documents\Visual Studio 2012\Projects\Hash Table\Hash Table\Debug\link-rc.read.1.tlog
C:\Users\Борис\Documents\Visual Studio 2012\Projects\Hash Table\Hash Table\Debug\link-rc.write.1.tlog
C:\Users\Борис\Documents\Visual Studio 2012\Projects\Hash Table\Hash Table\Debug\link.command.1.tlog
C:\Users\Борис\Documents\Visual Studio 2012\Projects\Hash Table\Hash Table\Debug\link.read.1.tlog
C:\Users\Борис\Documents\Visual Studio 2012\Projects\Hash Table\Hash Table\Debug\link.write.1.tlog
C:\Users\Борис\Documents\Visual Studio 2012\Projects\Hash Table\Hash Table\Debug\vc110.idb
C:\Users\Борис\Documents\Visual Studio 2012\Projects\Hash Table\Hash Table\Debug\vc110.pdb
C:\Users\Борис\Documents\Visual Studio 2012\Projects\Hash Table\Debug\Hash Table.pdb
C:\Users\Борис\Documents\Visual Studio 2012\Projects\Hash Table\Debug\Hash Table.exe
C:\Users\Борис\Documents\Visual Studio 2012\Projects\Hash Table\Debug\Hash Table.ilk
