C:\USERS\Борис\DOCUMENTS\VISUAL STUDIO 2012\PROJECTS\BTREE\BTREE\DEBUG\MAIN.OBJ
C:\USERS\БОРИС\DOCUMENTS\VISUAL STUDIO 2012\PROJECTS\BTREE\BTREE\DEBUG\VC110.PDB
C:\USERS\Борис\DOCUMENTS\VISUAL STUDIO 2012\PROJECTS\BTREE\DEBUG\BTREE.ILK
C:\USERS\Борис\DOCUMENTS\VISUAL STUDIO 2012\PROJECTS\BTREE\DEBUG\BTREE.EXE
C:\USERS\БОРИС\DOCUMENTS\VISUAL STUDIO 2012\PROJECTS\BTREE\DEBUG\BTREE.PDB
C:\Users\Борис\Documents\Visual Studio 2012\Projects\BTree\BTree\Debug\main.obj
C:\Users\Борис\Documents\Visual Studio 2012\Projects\BTree\BTree\Debug\cl.command.1.tlog
C:\Users\Борис\Documents\Visual Studio 2012\Projects\BTree\BTree\Debug\CL.read.1.tlog
C:\Users\Борис\Documents\Visual Studio 2012\Projects\BTree\BTree\Debug\CL.write.1.tlog
C:\Users\Борис\Documents\Visual Studio 2012\Projects\BTree\BTree\Debug\link-cvtres.read.1.tlog
C:\Users\Борис\Documents\Visual Studio 2012\Projects\BTree\BTree\Debug\link-cvtres.write.1.tlog
C:\Users\Борис\Documents\Visual Studio 2012\Projects\BTree\BTree\Debug\link-rc.read.1.tlog
C:\Users\Борис\Documents\Visual Studio 2012\Projects\BTree\BTree\Debug\link-rc.write.1.tlog
C:\Users\Борис\Documents\Visual Studio 2012\Projects\BTree\BTree\Debug\link.command.1.tlog
C:\Users\Борис\Documents\Visual Studio 2012\Projects\BTree\BTree\Debug\link.read.1.tlog
C:\Users\Борис\Documents\Visual Studio 2012\Projects\BTree\BTree\Debug\link.write.1.tlog
C:\Users\Борис\Documents\Visual Studio 2012\Projects\BTree\BTree\Debug\vc110.idb
C:\Users\Борис\Documents\Visual Studio 2012\Projects\BTree\BTree\Debug\vc110.pdb
C:\Users\Борис\Documents\Visual Studio 2012\Projects\BTree\Debug\BTree.pdb
C:\Users\Борис\Documents\Visual Studio 2012\Projects\BTree\Debug\BTree.exe
C:\Users\Борис\Documents\Visual Studio 2012\Projects\BTree\Debug\BTree.ilk
