C:\USERS\Борис\DOCUMENTS\VISUAL STUDIO 2012\PROJECTS\BIG NUMBER\BIG NUMBER\DEBUG\BIGINT.OBJ
C:\USERS\Борис\DOCUMENTS\VISUAL STUDIO 2012\PROJECTS\BIG NUMBER\BIG NUMBER\DEBUG\MAIN.OBJ
C:\USERS\БОРИС\DOCUMENTS\VISUAL STUDIO 2012\PROJECTS\BIG NUMBER\BIG NUMBER\DEBUG\VC110.PDB
C:\USERS\Борис\DOCUMENTS\VISUAL STUDIO 2012\PROJECTS\BIG NUMBER\DEBUG\BIG NUMBER.ILK
C:\USERS\Борис\DOCUMENTS\VISUAL STUDIO 2012\PROJECTS\BIG NUMBER\DEBUG\BIG NUMBER.EXE
C:\USERS\БОРИС\DOCUMENTS\VISUAL STUDIO 2012\PROJECTS\BIG NUMBER\DEBUG\BIG NUMBER.PDB
C:\Users\Борис\Documents\Visual Studio 2012\Projects\Big Number\Big Number\Debug\BigInt.obj
C:\Users\Борис\Documents\Visual Studio 2012\Projects\Big Number\Big Number\Debug\main.obj
C:\Users\Борис\Documents\Visual Studio 2012\Projects\Big Number\Big Number\Debug\cl.command.1.tlog
C:\Users\Борис\Documents\Visual Studio 2012\Projects\Big Number\Big Number\Debug\CL.read.1.tlog
C:\Users\Борис\Documents\Visual Studio 2012\Projects\Big Number\Big Number\Debug\CL.write.1.tlog
C:\Users\Борис\Documents\Visual Studio 2012\Projects\Big Number\Big Number\Debug\link-cvtres.read.1.tlog
C:\Users\Борис\Documents\Visual Studio 2012\Projects\Big Number\Big Number\Debug\link-cvtres.write.1.tlog
C:\Users\Борис\Documents\Visual Studio 2012\Projects\Big Number\Big Number\Debug\link-rc.read.1.tlog
C:\Users\Борис\Documents\Visual Studio 2012\Projects\Big Number\Big Number\Debug\link-rc.write.1.tlog
C:\Users\Борис\Documents\Visual Studio 2012\Projects\Big Number\Big Number\Debug\link.command.1.tlog
C:\Users\Борис\Documents\Visual Studio 2012\Projects\Big Number\Big Number\Debug\link.read.1.tlog
C:\Users\Борис\Documents\Visual Studio 2012\Projects\Big Number\Big Number\Debug\link.write.1.tlog
C:\Users\Борис\Documents\Visual Studio 2012\Projects\Big Number\Big Number\Debug\vc110.idb
C:\Users\Борис\Documents\Visual Studio 2012\Projects\Big Number\Big Number\Debug\vc110.pdb
C:\Users\Борис\Documents\Visual Studio 2012\Projects\Big Number\Debug\Big Number.pdb
C:\Users\Борис\Documents\Visual Studio 2012\Projects\Big Number\Debug\Big Number.exe
C:\Users\Борис\Documents\Visual Studio 2012\Projects\Big Number\Debug\Big Number.ilk
