C:\USERS\Борис\DOCUMENTS\VISUAL STUDIO 2012\PROJECTS\CONTROL\CONTROL\DEBUG\COMPLEX.OBJ
C:\USERS\Борис\DOCUMENTS\VISUAL STUDIO 2012\PROJECTS\CONTROL\CONTROL\DEBUG\MAIN.OBJ
C:\USERS\Борис\DOCUMENTS\VISUAL STUDIO 2012\PROJECTS\CONTROL\CONTROL\DEBUG\QUEUE-TPL.OBJ
C:\USERS\БОРИС\DOCUMENTS\VISUAL STUDIO 2012\PROJECTS\CONTROL\CONTROL\DEBUG\VC110.PDB
C:\USERS\Борис\DOCUMENTS\VISUAL STUDIO 2012\PROJECTS\CONTROL\DEBUG\CONTROL.ILK
C:\USERS\Борис\DOCUMENTS\VISUAL STUDIO 2012\PROJECTS\CONTROL\DEBUG\CONTROL.EXE
C:\USERS\БОРИС\DOCUMENTS\VISUAL STUDIO 2012\PROJECTS\CONTROL\DEBUG\CONTROL.PDB
C:\Users\Борис\Documents\Visual Studio 2012\Projects\Control\Control\Debug\complex.obj
C:\Users\Борис\Documents\Visual Studio 2012\Projects\Control\Control\Debug\main.obj
C:\Users\Борис\Documents\Visual Studio 2012\Projects\Control\Control\Debug\queue-tpl.obj
C:\Users\Борис\Documents\Visual Studio 2012\Projects\Control\Control\Debug\cl.command.1.tlog
C:\Users\Борис\Documents\Visual Studio 2012\Projects\Control\Control\Debug\CL.read.1.tlog
C:\Users\Борис\Documents\Visual Studio 2012\Projects\Control\Control\Debug\CL.write.1.tlog
C:\Users\Борис\Documents\Visual Studio 2012\Projects\Control\Control\Debug\link-cvtres.read.1.tlog
C:\Users\Борис\Documents\Visual Studio 2012\Projects\Control\Control\Debug\link-cvtres.write.1.tlog
C:\Users\Борис\Documents\Visual Studio 2012\Projects\Control\Control\Debug\link-rc.read.1.tlog
C:\Users\Борис\Documents\Visual Studio 2012\Projects\Control\Control\Debug\link-rc.write.1.tlog
C:\Users\Борис\Documents\Visual Studio 2012\Projects\Control\Control\Debug\link.command.1.tlog
C:\Users\Борис\Documents\Visual Studio 2012\Projects\Control\Control\Debug\link.read.1.tlog
C:\Users\Борис\Documents\Visual Studio 2012\Projects\Control\Control\Debug\link.write.1.tlog
C:\Users\Борис\Documents\Visual Studio 2012\Projects\Control\Control\Debug\vc110.idb
C:\Users\Борис\Documents\Visual Studio 2012\Projects\Control\Control\Debug\vc110.pdb
C:\Users\Борис\Documents\Visual Studio 2012\Projects\Control\Debug\Control.pdb
C:\Users\Борис\Documents\Visual Studio 2012\Projects\Control\Debug\Control.exe
C:\Users\Борис\Documents\Visual Studio 2012\Projects\Control\Debug\Control.ilk
