C:\USERS\Борис\DOCUMENTS\VISUAL STUDIO 2012\PROJECTS\ORDINARY LEAST SQUARES\ORDINARY LEAST SQUARES\DEBUG\MAIN.OBJ
C:\USERS\БОРИС\DOCUMENTS\VISUAL STUDIO 2012\PROJECTS\ORDINARY LEAST SQUARES\ORDINARY LEAST SQUARES\DEBUG\VC110.PDB
C:\USERS\борис\DOCUMENTS\VISUAL STUDIO 2012\PROJECTS\ORDINARY LEAST SQUARES\DEBUG\ORDINARY LEAST SQUARES.ILK
C:\USERS\борис\DOCUMENTS\VISUAL STUDIO 2012\PROJECTS\ORDINARY LEAST SQUARES\DEBUG\ORDINARY LEAST SQUARES.EXE
C:\USERS\БОРИС\DOCUMENTS\VISUAL STUDIO 2012\PROJECTS\ORDINARY LEAST SQUARES\DEBUG\ORDINARY LEAST SQUARES.PDB
c:\Users\Борис\Documents\Visual Studio 2012\Projects\Ordinary Least Squares\Ordinary Least Squares\Debug\main.obj
c:\Users\Борис\Documents\Visual Studio 2012\Projects\Ordinary Least Squares\Ordinary Least Squares\Debug\cl.command.1.tlog
c:\Users\Борис\Documents\Visual Studio 2012\Projects\Ordinary Least Squares\Ordinary Least Squares\Debug\CL.read.1.tlog
c:\Users\Борис\Documents\Visual Studio 2012\Projects\Ordinary Least Squares\Ordinary Least Squares\Debug\CL.write.1.tlog
c:\Users\Борис\Documents\Visual Studio 2012\Projects\Ordinary Least Squares\Ordinary Least Squares\Debug\link-cvtres.read.1.tlog
c:\Users\Борис\Documents\Visual Studio 2012\Projects\Ordinary Least Squares\Ordinary Least Squares\Debug\link-cvtres.write.1.tlog
c:\Users\Борис\Documents\Visual Studio 2012\Projects\Ordinary Least Squares\Ordinary Least Squares\Debug\link-rc.read.1.tlog
c:\Users\Борис\Documents\Visual Studio 2012\Projects\Ordinary Least Squares\Ordinary Least Squares\Debug\link-rc.write.1.tlog
c:\Users\Борис\Documents\Visual Studio 2012\Projects\Ordinary Least Squares\Ordinary Least Squares\Debug\link.command.1.tlog
c:\Users\Борис\Documents\Visual Studio 2012\Projects\Ordinary Least Squares\Ordinary Least Squares\Debug\link.read.1.tlog
c:\Users\Борис\Documents\Visual Studio 2012\Projects\Ordinary Least Squares\Ordinary Least Squares\Debug\link.write.1.tlog
c:\Users\Борис\Documents\Visual Studio 2012\Projects\Ordinary Least Squares\Ordinary Least Squares\Debug\vc110.idb
c:\Users\Борис\Documents\Visual Studio 2012\Projects\Ordinary Least Squares\Ordinary Least Squares\Debug\vc110.pdb
c:\users\борис\Documents\Visual Studio 2012\Projects\Ordinary Least Squares\Debug\Ordinary Least Squares.pdb
c:\users\борис\Documents\Visual Studio 2012\Projects\Ordinary Least Squares\Debug\Ordinary Least Squares.exe
c:\users\борис\Documents\Visual Studio 2012\Projects\Ordinary Least Squares\Debug\Ordinary Least Squares.ilk
