C:\USERS\Борис\DOCUMENTS\VISUAL STUDIO 2012\PROJECTS\HEAP\HEAP\DEBUG\MAIN.OBJ
C:\USERS\БОРИС\DOCUMENTS\VISUAL STUDIO 2012\PROJECTS\HEAP\HEAP\DEBUG\VC110.PDB
C:\USERS\Борис\DOCUMENTS\VISUAL STUDIO 2012\PROJECTS\HEAP\DEBUG\HEAP.ILK
C:\USERS\Борис\DOCUMENTS\VISUAL STUDIO 2012\PROJECTS\HEAP\DEBUG\HEAP.EXE
C:\USERS\БОРИС\DOCUMENTS\VISUAL STUDIO 2012\PROJECTS\HEAP\DEBUG\HEAP.PDB
C:\Users\Борис\Documents\Visual Studio 2012\Projects\Heap\Heap\Debug\main.obj
C:\Users\Борис\Documents\Visual Studio 2012\Projects\Heap\Heap\Debug\cl.command.1.tlog
C:\Users\Борис\Documents\Visual Studio 2012\Projects\Heap\Heap\Debug\CL.read.1.tlog
C:\Users\Борис\Documents\Visual Studio 2012\Projects\Heap\Heap\Debug\CL.write.1.tlog
C:\Users\Борис\Documents\Visual Studio 2012\Projects\Heap\Heap\Debug\link-cvtres.read.1.tlog
C:\Users\Борис\Documents\Visual Studio 2012\Projects\Heap\Heap\Debug\link-cvtres.write.1.tlog
C:\Users\Борис\Documents\Visual Studio 2012\Projects\Heap\Heap\Debug\link-rc.read.1.tlog
C:\Users\Борис\Documents\Visual Studio 2012\Projects\Heap\Heap\Debug\link-rc.write.1.tlog
C:\Users\Борис\Documents\Visual Studio 2012\Projects\Heap\Heap\Debug\link.command.1.tlog
C:\Users\Борис\Documents\Visual Studio 2012\Projects\Heap\Heap\Debug\link.read.1.tlog
C:\Users\Борис\Documents\Visual Studio 2012\Projects\Heap\Heap\Debug\link.write.1.tlog
C:\Users\Борис\Documents\Visual Studio 2012\Projects\Heap\Heap\Debug\vc110.idb
C:\Users\Борис\Documents\Visual Studio 2012\Projects\Heap\Heap\Debug\vc110.pdb
C:\Users\Борис\Documents\Visual Studio 2012\Projects\Heap\Debug\Heap.pdb
C:\Users\Борис\Documents\Visual Studio 2012\Projects\Heap\Debug\Heap.exe
C:\Users\Борис\Documents\Visual Studio 2012\Projects\Heap\Debug\Heap.ilk
