C:\USERS\Борис\DOCUMENTS\VISUAL STUDIO 2012\PROJECTS\RADIO\RADIO\DEBUG\RADIO MAIN.OBJ
C:\USERS\БОРИС\DOCUMENTS\VISUAL STUDIO 2012\PROJECTS\RADIO\RADIO\DEBUG\VC110.PDB
C:\USERS\Борис\DOCUMENTS\VISUAL STUDIO 2012\PROJECTS\RADIO\DEBUG\RADIO.ILK
C:\USERS\Борис\DOCUMENTS\VISUAL STUDIO 2012\PROJECTS\RADIO\DEBUG\RADIO.EXE
C:\USERS\БОРИС\DOCUMENTS\VISUAL STUDIO 2012\PROJECTS\RADIO\DEBUG\RADIO.PDB
C:\Users\Борис\Documents\Visual Studio 2012\Projects\Radio\Radio\Debug\Radio main.obj
C:\Users\Борис\Documents\Visual Studio 2012\Projects\Radio\Radio\Debug\cl.command.1.tlog
C:\Users\Борис\Documents\Visual Studio 2012\Projects\Radio\Radio\Debug\CL.read.1.tlog
C:\Users\Борис\Documents\Visual Studio 2012\Projects\Radio\Radio\Debug\CL.write.1.tlog
C:\Users\Борис\Documents\Visual Studio 2012\Projects\Radio\Radio\Debug\link-cvtres.read.1.tlog
C:\Users\Борис\Documents\Visual Studio 2012\Projects\Radio\Radio\Debug\link-cvtres.write.1.tlog
C:\Users\Борис\Documents\Visual Studio 2012\Projects\Radio\Radio\Debug\link-rc.read.1.tlog
C:\Users\Борис\Documents\Visual Studio 2012\Projects\Radio\Radio\Debug\link-rc.write.1.tlog
C:\Users\Борис\Documents\Visual Studio 2012\Projects\Radio\Radio\Debug\link.command.1.tlog
C:\Users\Борис\Documents\Visual Studio 2012\Projects\Radio\Radio\Debug\link.read.1.tlog
C:\Users\Борис\Documents\Visual Studio 2012\Projects\Radio\Radio\Debug\link.write.1.tlog
C:\Users\Борис\Documents\Visual Studio 2012\Projects\Radio\Radio\Debug\vc110.idb
C:\Users\Борис\Documents\Visual Studio 2012\Projects\Radio\Radio\Debug\vc110.pdb
C:\Users\Борис\Documents\Visual Studio 2012\Projects\Radio\Debug\Radio.pdb
C:\Users\Борис\Documents\Visual Studio 2012\Projects\Radio\Debug\Radio.exe
C:\Users\Борис\Documents\Visual Studio 2012\Projects\Radio\Debug\Radio.ilk
