C:\USERS\Борис\DOCUMENTS\VISUAL STUDIO 2012\PROJECTS\VECTOR\VECTOR\DEBUG\MAIN.OBJ
C:\USERS\БОРИС\DOCUMENTS\VISUAL STUDIO 2012\PROJECTS\VECTOR\VECTOR\DEBUG\VC110.PDB
C:\USERS\Борис\DOCUMENTS\VISUAL STUDIO 2012\PROJECTS\VECTOR\DEBUG\VECTOR.ILK
C:\USERS\Борис\DOCUMENTS\VISUAL STUDIO 2012\PROJECTS\VECTOR\DEBUG\VECTOR.EXE
C:\USERS\БОРИС\DOCUMENTS\VISUAL STUDIO 2012\PROJECTS\VECTOR\DEBUG\VECTOR.PDB
C:\Users\Борис\Documents\Visual Studio 2012\Projects\vector\vector\Debug\cl.command.1.tlog
C:\Users\Борис\Documents\Visual Studio 2012\Projects\vector\vector\Debug\CL.read.1.tlog
C:\Users\Борис\Documents\Visual Studio 2012\Projects\vector\vector\Debug\CL.write.1.tlog
C:\Users\Борис\Documents\Visual Studio 2012\Projects\vector\vector\Debug\link-cvtres.read.1.tlog
C:\Users\Борис\Documents\Visual Studio 2012\Projects\vector\vector\Debug\link-cvtres.write.1.tlog
C:\Users\Борис\Documents\Visual Studio 2012\Projects\vector\vector\Debug\link-rc.read.1.tlog
C:\Users\Борис\Documents\Visual Studio 2012\Projects\vector\vector\Debug\link-rc.write.1.tlog
C:\Users\Борис\Documents\Visual Studio 2012\Projects\vector\vector\Debug\link.command.1.tlog
C:\Users\Борис\Documents\Visual Studio 2012\Projects\vector\vector\Debug\link.read.1.tlog
C:\Users\Борис\Documents\Visual Studio 2012\Projects\vector\vector\Debug\link.write.1.tlog
C:\Users\Борис\Documents\Visual Studio 2012\Projects\vector\vector\Debug\vc110.idb
C:\Users\Борис\Documents\Visual Studio 2012\Projects\vector\vector\Debug\vc110.pdb
C:\Users\Борис\Documents\Visual Studio 2012\Projects\vector\Debug\vector.pdb
C:\Users\Борис\Documents\Visual Studio 2012\Projects\vector\Debug\vector.exe
C:\Users\Борис\Documents\Visual Studio 2012\Projects\vector\Debug\vector.ilk
