C:\USERS\Борис\DOCUMENTS\VISUAL STUDIO 2012\PROJECTS\RED BLACK TREE\RED BLACK TREE\DEBUG\MAIN.OBJ
C:\USERS\БОРИС\DOCUMENTS\VISUAL STUDIO 2012\PROJECTS\RED BLACK TREE\RED BLACK TREE\DEBUG\VC110.PDB
C:\USERS\Борис\DOCUMENTS\VISUAL STUDIO 2012\PROJECTS\RED BLACK TREE\DEBUG\RED BLACK TREE.ILK
C:\USERS\Борис\DOCUMENTS\VISUAL STUDIO 2012\PROJECTS\RED BLACK TREE\DEBUG\RED BLACK TREE.EXE
C:\USERS\БОРИС\DOCUMENTS\VISUAL STUDIO 2012\PROJECTS\RED BLACK TREE\DEBUG\RED BLACK TREE.PDB
C:\Users\Борис\Documents\Visual Studio 2012\Projects\Red Black Tree\Red Black Tree\Debug\main.obj
C:\Users\Борис\Documents\Visual Studio 2012\Projects\Red Black Tree\Red Black Tree\Debug\cl.command.1.tlog
C:\Users\Борис\Documents\Visual Studio 2012\Projects\Red Black Tree\Red Black Tree\Debug\CL.read.1.tlog
C:\Users\Борис\Documents\Visual Studio 2012\Projects\Red Black Tree\Red Black Tree\Debug\CL.write.1.tlog
C:\Users\Борис\Documents\Visual Studio 2012\Projects\Red Black Tree\Red Black Tree\Debug\link-cvtres.read.1.tlog
C:\Users\Борис\Documents\Visual Studio 2012\Projects\Red Black Tree\Red Black Tree\Debug\link-cvtres.write.1.tlog
C:\Users\Борис\Documents\Visual Studio 2012\Projects\Red Black Tree\Red Black Tree\Debug\link-rc.read.1.tlog
C:\Users\Борис\Documents\Visual Studio 2012\Projects\Red Black Tree\Red Black Tree\Debug\link-rc.write.1.tlog
C:\Users\Борис\Documents\Visual Studio 2012\Projects\Red Black Tree\Red Black Tree\Debug\link.command.1.tlog
C:\Users\Борис\Documents\Visual Studio 2012\Projects\Red Black Tree\Red Black Tree\Debug\link.read.1.tlog
C:\Users\Борис\Documents\Visual Studio 2012\Projects\Red Black Tree\Red Black Tree\Debug\link.write.1.tlog
C:\Users\Борис\Documents\Visual Studio 2012\Projects\Red Black Tree\Red Black Tree\Debug\vc110.idb
C:\Users\Борис\Documents\Visual Studio 2012\Projects\Red Black Tree\Red Black Tree\Debug\vc110.pdb
C:\Users\Борис\Documents\Visual Studio 2012\Projects\Red Black Tree\Debug\Red Black Tree.pdb
C:\Users\Борис\Documents\Visual Studio 2012\Projects\Red Black Tree\Debug\Red Black Tree.exe
C:\Users\Борис\Documents\Visual Studio 2012\Projects\Red Black Tree\Debug\Red Black Tree.ilk
