C:\USERS\Борис\DOCUMENTS\VISUAL STUDIO 2012\PROJECTS\CALCULATOR\CALCULATOR\DEBUG\MAIN.OBJ
C:\USERS\БОРИС\DOCUMENTS\VISUAL STUDIO 2012\PROJECTS\CALCULATOR\CALCULATOR\DEBUG\VC110.PDB
C:\USERS\Борис\DOCUMENTS\VISUAL STUDIO 2012\PROJECTS\CALCULATOR\DEBUG\CALCULATOR.ILK
C:\USERS\Борис\DOCUMENTS\VISUAL STUDIO 2012\PROJECTS\CALCULATOR\DEBUG\CALCULATOR.EXE
C:\USERS\БОРИС\DOCUMENTS\VISUAL STUDIO 2012\PROJECTS\CALCULATOR\DEBUG\CALCULATOR.PDB
C:\Users\Борис\Documents\Visual Studio 2012\Projects\Calculator\Calculator\Debug\main.obj
C:\Users\Борис\Documents\Visual Studio 2012\Projects\Calculator\Calculator\Debug\cl.command.1.tlog
C:\Users\Борис\Documents\Visual Studio 2012\Projects\Calculator\Calculator\Debug\CL.read.1.tlog
C:\Users\Борис\Documents\Visual Studio 2012\Projects\Calculator\Calculator\Debug\CL.write.1.tlog
C:\Users\Борис\Documents\Visual Studio 2012\Projects\Calculator\Calculator\Debug\link-cvtres.read.1.tlog
C:\Users\Борис\Documents\Visual Studio 2012\Projects\Calculator\Calculator\Debug\link-cvtres.write.1.tlog
C:\Users\Борис\Documents\Visual Studio 2012\Projects\Calculator\Calculator\Debug\link-rc.read.1.tlog
C:\Users\Борис\Documents\Visual Studio 2012\Projects\Calculator\Calculator\Debug\link-rc.write.1.tlog
C:\Users\Борис\Documents\Visual Studio 2012\Projects\Calculator\Calculator\Debug\link.command.1.tlog
C:\Users\Борис\Documents\Visual Studio 2012\Projects\Calculator\Calculator\Debug\link.read.1.tlog
C:\Users\Борис\Documents\Visual Studio 2012\Projects\Calculator\Calculator\Debug\link.write.1.tlog
C:\Users\Борис\Documents\Visual Studio 2012\Projects\Calculator\Calculator\Debug\vc110.idb
C:\Users\Борис\Documents\Visual Studio 2012\Projects\Calculator\Calculator\Debug\vc110.pdb
C:\Users\Борис\Documents\Visual Studio 2012\Projects\Calculator\Debug\Calculator.pdb
C:\Users\Борис\Documents\Visual Studio 2012\Projects\Calculator\Debug\Calculator.exe
C:\Users\Борис\Documents\Visual Studio 2012\Projects\Calculator\Debug\Calculator.ilk
