C:\USERS\Борис\DOCUMENTS\VISUAL STUDIO 2012\PROJECTS\Разделитель в строке\Разделитель в строке\DEBUG\MAIN.OBJ
C:\USERS\БОРИС\DOCUMENTS\VISUAL STUDIO 2012\PROJECTS\РАЗДЕЛИТЕЛЬ В СТРОКЕ\РАЗДЕЛИТЕЛЬ В СТРОКЕ\DEBUG\VC110.PDB
C:\USERS\Борис\DOCUMENTS\VISUAL STUDIO 2012\PROJECTS\Разделитель в строке\DEBUG\Разделитель в строке.ILK
C:\USERS\Борис\DOCUMENTS\VISUAL STUDIO 2012\PROJECTS\Разделитель в строке\DEBUG\Разделитель в строке.EXE
C:\USERS\БОРИС\DOCUMENTS\VISUAL STUDIO 2012\PROJECTS\РАЗДЕЛИТЕЛЬ В СТРОКЕ\DEBUG\РАЗДЕЛИТЕЛЬ В СТРОКЕ.PDB
C:\Users\Борис\Documents\Visual Studio 2012\Projects\Разделитель в строке\Разделитель в строке\Debug\main.obj
C:\Users\Борис\Documents\Visual Studio 2012\Projects\Разделитель в строке\Разделитель в строке\Debug\cl.command.1.tlog
C:\Users\Борис\Documents\Visual Studio 2012\Projects\Разделитель в строке\Разделитель в строке\Debug\CL.read.1.tlog
C:\Users\Борис\Documents\Visual Studio 2012\Projects\Разделитель в строке\Разделитель в строке\Debug\CL.write.1.tlog
C:\Users\Борис\Documents\Visual Studio 2012\Projects\Разделитель в строке\Разделитель в строке\Debug\link-cvtres.read.1.tlog
C:\Users\Борис\Documents\Visual Studio 2012\Projects\Разделитель в строке\Разделитель в строке\Debug\link-cvtres.write.1.tlog
C:\Users\Борис\Documents\Visual Studio 2012\Projects\Разделитель в строке\Разделитель в строке\Debug\link-rc.read.1.tlog
C:\Users\Борис\Documents\Visual Studio 2012\Projects\Разделитель в строке\Разделитель в строке\Debug\link-rc.write.1.tlog
C:\Users\Борис\Documents\Visual Studio 2012\Projects\Разделитель в строке\Разделитель в строке\Debug\link.command.1.tlog
C:\Users\Борис\Documents\Visual Studio 2012\Projects\Разделитель в строке\Разделитель в строке\Debug\link.read.1.tlog
C:\Users\Борис\Documents\Visual Studio 2012\Projects\Разделитель в строке\Разделитель в строке\Debug\link.write.1.tlog
C:\Users\Борис\Documents\Visual Studio 2012\Projects\Разделитель в строке\Разделитель в строке\Debug\vc110.idb
C:\Users\Борис\Documents\Visual Studio 2012\Projects\Разделитель в строке\Разделитель в строке\Debug\vc110.pdb
C:\Users\Борис\Documents\Visual Studio 2012\Projects\Разделитель в строке\Debug\Разделитель в строке.pdb
C:\Users\Борис\Documents\Visual Studio 2012\Projects\Разделитель в строке\Debug\Разделитель в строке.exe
C:\Users\Борис\Documents\Visual Studio 2012\Projects\Разделитель в строке\Debug\Разделитель в строке.ilk
