C:\USERS\Борис\DOCUMENTS\VISUAL STUDIO 2012\PROJECTS\LCS\LCS\DEBUG\MAIN.OBJ
C:\USERS\БОРИС\DOCUMENTS\VISUAL STUDIO 2012\PROJECTS\LCS\LCS\DEBUG\VC110.PDB
C:\USERS\Борис\DOCUMENTS\VISUAL STUDIO 2012\PROJECTS\LCS\DEBUG\LCS.ILK
C:\USERS\Борис\DOCUMENTS\VISUAL STUDIO 2012\PROJECTS\LCS\DEBUG\LCS.EXE
C:\USERS\БОРИС\DOCUMENTS\VISUAL STUDIO 2012\PROJECTS\LCS\DEBUG\LCS.PDB
C:\Users\Борис\Documents\Visual Studio 2012\Projects\LCS\LCS\Debug\Main.obj
C:\Users\Борис\Documents\Visual Studio 2012\Projects\LCS\LCS\Debug\cl.command.1.tlog
C:\Users\Борис\Documents\Visual Studio 2012\Projects\LCS\LCS\Debug\CL.read.1.tlog
C:\Users\Борис\Documents\Visual Studio 2012\Projects\LCS\LCS\Debug\CL.write.1.tlog
C:\Users\Борис\Documents\Visual Studio 2012\Projects\LCS\LCS\Debug\link-cvtres.read.1.tlog
C:\Users\Борис\Documents\Visual Studio 2012\Projects\LCS\LCS\Debug\link-cvtres.write.1.tlog
C:\Users\Борис\Documents\Visual Studio 2012\Projects\LCS\LCS\Debug\link-rc.read.1.tlog
C:\Users\Борис\Documents\Visual Studio 2012\Projects\LCS\LCS\Debug\link-rc.write.1.tlog
C:\Users\Борис\Documents\Visual Studio 2012\Projects\LCS\LCS\Debug\link.command.1.tlog
C:\Users\Борис\Documents\Visual Studio 2012\Projects\LCS\LCS\Debug\link.read.1.tlog
C:\Users\Борис\Documents\Visual Studio 2012\Projects\LCS\LCS\Debug\link.write.1.tlog
C:\Users\Борис\Documents\Visual Studio 2012\Projects\LCS\LCS\Debug\vc110.idb
C:\Users\Борис\Documents\Visual Studio 2012\Projects\LCS\LCS\Debug\vc110.pdb
C:\Users\Борис\Documents\Visual Studio 2012\Projects\LCS\Debug\LCS.pdb
C:\Users\Борис\Documents\Visual Studio 2012\Projects\LCS\Debug\LCS.exe
C:\Users\Борис\Documents\Visual Studio 2012\Projects\LCS\Debug\LCS.ilk
