C:\USERS\Борис\DOCUMENTS\VISUAL STUDIO 2012\PROJECTS\MATRIX\MATRIX\DEBUG\MAIN.OBJ
C:\USERS\БОРИС\DOCUMENTS\VISUAL STUDIO 2012\PROJECTS\MATRIX\MATRIX\DEBUG\VC110.PDB
C:\USERS\Борис\DOCUMENTS\VISUAL STUDIO 2012\PROJECTS\MATRIX\DEBUG\MATRIX.ILK
C:\USERS\Борис\DOCUMENTS\VISUAL STUDIO 2012\PROJECTS\MATRIX\DEBUG\MATRIX.EXE
C:\USERS\БОРИС\DOCUMENTS\VISUAL STUDIO 2012\PROJECTS\MATRIX\DEBUG\MATRIX.PDB
C:\Users\Борис\Documents\Visual Studio 2012\Projects\Matrix\Matrix\Debug\main.obj
C:\Users\Борис\Documents\Visual Studio 2012\Projects\Matrix\Matrix\Debug\cl.command.1.tlog
C:\Users\Борис\Documents\Visual Studio 2012\Projects\Matrix\Matrix\Debug\CL.read.1.tlog
C:\Users\Борис\Documents\Visual Studio 2012\Projects\Matrix\Matrix\Debug\CL.write.1.tlog
C:\Users\Борис\Documents\Visual Studio 2012\Projects\Matrix\Matrix\Debug\link-cvtres.read.1.tlog
C:\Users\Борис\Documents\Visual Studio 2012\Projects\Matrix\Matrix\Debug\link-cvtres.write.1.tlog
C:\Users\Борис\Documents\Visual Studio 2012\Projects\Matrix\Matrix\Debug\link-rc.read.1.tlog
C:\Users\Борис\Documents\Visual Studio 2012\Projects\Matrix\Matrix\Debug\link-rc.write.1.tlog
C:\Users\Борис\Documents\Visual Studio 2012\Projects\Matrix\Matrix\Debug\link.1924-cvtres.read.1.tlog
C:\Users\Борис\Documents\Visual Studio 2012\Projects\Matrix\Matrix\Debug\link.1924-cvtres.write.1.tlog
C:\Users\Борис\Documents\Visual Studio 2012\Projects\Matrix\Matrix\Debug\link.1924-rc.read.1.tlog
C:\Users\Борис\Documents\Visual Studio 2012\Projects\Matrix\Matrix\Debug\link.1924-rc.write.1.tlog
C:\Users\Борис\Documents\Visual Studio 2012\Projects\Matrix\Matrix\Debug\link.1924.read.1.tlog
C:\Users\Борис\Documents\Visual Studio 2012\Projects\Matrix\Matrix\Debug\link.1924.write.1.tlog
C:\Users\Борис\Documents\Visual Studio 2012\Projects\Matrix\Matrix\Debug\link.command.1.tlog
C:\Users\Борис\Documents\Visual Studio 2012\Projects\Matrix\Matrix\Debug\link.read.1.tlog
C:\Users\Борис\Documents\Visual Studio 2012\Projects\Matrix\Matrix\Debug\link.write.1.tlog
C:\Users\Борис\Documents\Visual Studio 2012\Projects\Matrix\Matrix\Debug\vc110.idb
C:\Users\Борис\Documents\Visual Studio 2012\Projects\Matrix\Matrix\Debug\vc110.pdb
C:\Users\Борис\Documents\Visual Studio 2012\Projects\Matrix\Debug\Matrix.pdb
C:\Users\Борис\Documents\Visual Studio 2012\Projects\Matrix\Debug\Matrix.exe
C:\Users\Борис\Documents\Visual Studio 2012\Projects\Matrix\Debug\Matrix.ilk
