C:\USERS\Борис\DOCUMENTS\VISUAL STUDIO 2012\PROJECTS\STEK TREE\STEK TREE\DEBUG\MAIN.OBJ
C:\USERS\БОРИС\DOCUMENTS\VISUAL STUDIO 2012\PROJECTS\STEK TREE\STEK TREE\DEBUG\VC110.PDB
C:\USERS\Борис\DOCUMENTS\VISUAL STUDIO 2012\PROJECTS\STEK TREE\DEBUG\STEK TREE.ILK
C:\USERS\Борис\DOCUMENTS\VISUAL STUDIO 2012\PROJECTS\STEK TREE\DEBUG\STEK TREE.EXE
C:\USERS\БОРИС\DOCUMENTS\VISUAL STUDIO 2012\PROJECTS\STEK TREE\DEBUG\STEK TREE.PDB
C:\Users\Борис\Documents\Visual Studio 2012\Projects\stek tree\stek tree\Debug\main.obj
C:\Users\Борис\Documents\Visual Studio 2012\Projects\stek tree\stek tree\Debug\cl.command.1.tlog
C:\Users\Борис\Documents\Visual Studio 2012\Projects\stek tree\stek tree\Debug\CL.read.1.tlog
C:\Users\Борис\Documents\Visual Studio 2012\Projects\stek tree\stek tree\Debug\CL.write.1.tlog
C:\Users\Борис\Documents\Visual Studio 2012\Projects\stek tree\stek tree\Debug\link-cvtres.read.1.tlog
C:\Users\Борис\Documents\Visual Studio 2012\Projects\stek tree\stek tree\Debug\link-cvtres.write.1.tlog
C:\Users\Борис\Documents\Visual Studio 2012\Projects\stek tree\stek tree\Debug\link-rc.read.1.tlog
C:\Users\Борис\Documents\Visual Studio 2012\Projects\stek tree\stek tree\Debug\link-rc.write.1.tlog
C:\Users\Борис\Documents\Visual Studio 2012\Projects\stek tree\stek tree\Debug\link.command.1.tlog
C:\Users\Борис\Documents\Visual Studio 2012\Projects\stek tree\stek tree\Debug\link.read.1.tlog
C:\Users\Борис\Documents\Visual Studio 2012\Projects\stek tree\stek tree\Debug\link.write.1.tlog
C:\Users\Борис\Documents\Visual Studio 2012\Projects\stek tree\stek tree\Debug\vc110.idb
C:\Users\Борис\Documents\Visual Studio 2012\Projects\stek tree\stek tree\Debug\vc110.pdb
C:\Users\Борис\Documents\Visual Studio 2012\Projects\stek tree\Debug\stek tree.pdb
C:\Users\Борис\Documents\Visual Studio 2012\Projects\stek tree\Debug\stek tree.exe
C:\Users\Борис\Documents\Visual Studio 2012\Projects\stek tree\Debug\stek tree.ilk
