C:\USERS\Борис\DOCUMENTS\VISUAL STUDIO 2012\PROJECTS\SORTING\SORTING\DEBUG\MAIN.OBJ
C:\USERS\БОРИС\DOCUMENTS\VISUAL STUDIO 2012\PROJECTS\SORTING\SORTING\DEBUG\VC110.PDB
C:\USERS\Борис\DOCUMENTS\VISUAL STUDIO 2012\PROJECTS\SORTING\DEBUG\SORTING.ILK
C:\USERS\Борис\DOCUMENTS\VISUAL STUDIO 2012\PROJECTS\SORTING\DEBUG\SORTING.EXE
C:\USERS\БОРИС\DOCUMENTS\VISUAL STUDIO 2012\PROJECTS\SORTING\DEBUG\SORTING.PDB
C:\Users\Борис\Documents\Visual Studio 2012\Projects\Sorting\Sorting\Debug\Main.obj
C:\Users\Борис\Documents\Visual Studio 2012\Projects\Sorting\Sorting\Debug\cl.command.1.tlog
C:\Users\Борис\Documents\Visual Studio 2012\Projects\Sorting\Sorting\Debug\CL.read.1.tlog
C:\Users\Борис\Documents\Visual Studio 2012\Projects\Sorting\Sorting\Debug\CL.write.1.tlog
C:\Users\Борис\Documents\Visual Studio 2012\Projects\Sorting\Sorting\Debug\link-cvtres.read.1.tlog
C:\Users\Борис\Documents\Visual Studio 2012\Projects\Sorting\Sorting\Debug\link-cvtres.write.1.tlog
C:\Users\Борис\Documents\Visual Studio 2012\Projects\Sorting\Sorting\Debug\link-rc.read.1.tlog
C:\Users\Борис\Documents\Visual Studio 2012\Projects\Sorting\Sorting\Debug\link-rc.write.1.tlog
C:\Users\Борис\Documents\Visual Studio 2012\Projects\Sorting\Sorting\Debug\link.command.1.tlog
C:\Users\Борис\Documents\Visual Studio 2012\Projects\Sorting\Sorting\Debug\link.read.1.tlog
C:\Users\Борис\Documents\Visual Studio 2012\Projects\Sorting\Sorting\Debug\link.write.1.tlog
C:\Users\Борис\Documents\Visual Studio 2012\Projects\Sorting\Sorting\Debug\vc110.idb
C:\Users\Борис\Documents\Visual Studio 2012\Projects\Sorting\Sorting\Debug\vc110.pdb
C:\Users\Борис\Documents\Visual Studio 2012\Projects\Sorting\Debug\Sorting.pdb
C:\Users\Борис\Documents\Visual Studio 2012\Projects\Sorting\Debug\Sorting.exe
C:\Users\Борис\Documents\Visual Studio 2012\Projects\Sorting\Debug\Sorting.ilk
