C:\USERS\Борис\DOCUMENTS\VISUAL STUDIO 2012\PROJECTS\QUICK SORT\QUICK SORT\DEBUG\MAIN.OBJ
C:\USERS\БОРИС\DOCUMENTS\VISUAL STUDIO 2012\PROJECTS\QUICK SORT\QUICK SORT\DEBUG\VC110.PDB
C:\USERS\Борис\DOCUMENTS\VISUAL STUDIO 2012\PROJECTS\QUICK SORT\DEBUG\QUICK SORT.ILK
C:\USERS\Борис\DOCUMENTS\VISUAL STUDIO 2012\PROJECTS\QUICK SORT\DEBUG\QUICK SORT.EXE
C:\USERS\БОРИС\DOCUMENTS\VISUAL STUDIO 2012\PROJECTS\QUICK SORT\DEBUG\QUICK SORT.PDB
C:\Users\Борис\Documents\Visual Studio 2012\Projects\Quick Sort\Quick Sort\Debug\main.obj
C:\Users\Борис\Documents\Visual Studio 2012\Projects\Quick Sort\Quick Sort\Debug\cl.command.1.tlog
C:\Users\Борис\Documents\Visual Studio 2012\Projects\Quick Sort\Quick Sort\Debug\CL.read.1.tlog
C:\Users\Борис\Documents\Visual Studio 2012\Projects\Quick Sort\Quick Sort\Debug\CL.write.1.tlog
C:\Users\Борис\Documents\Visual Studio 2012\Projects\Quick Sort\Quick Sort\Debug\link-cvtres.read.1.tlog
C:\Users\Борис\Documents\Visual Studio 2012\Projects\Quick Sort\Quick Sort\Debug\link-cvtres.write.1.tlog
C:\Users\Борис\Documents\Visual Studio 2012\Projects\Quick Sort\Quick Sort\Debug\link-rc.read.1.tlog
C:\Users\Борис\Documents\Visual Studio 2012\Projects\Quick Sort\Quick Sort\Debug\link-rc.write.1.tlog
C:\Users\Борис\Documents\Visual Studio 2012\Projects\Quick Sort\Quick Sort\Debug\link.command.1.tlog
C:\Users\Борис\Documents\Visual Studio 2012\Projects\Quick Sort\Quick Sort\Debug\link.read.1.tlog
C:\Users\Борис\Documents\Visual Studio 2012\Projects\Quick Sort\Quick Sort\Debug\link.write.1.tlog
C:\Users\Борис\Documents\Visual Studio 2012\Projects\Quick Sort\Quick Sort\Debug\vc110.idb
C:\Users\Борис\Documents\Visual Studio 2012\Projects\Quick Sort\Quick Sort\Debug\vc110.pdb
C:\Users\Борис\Documents\Visual Studio 2012\Projects\Quick Sort\Debug\Quick Sort.pdb
C:\Users\Борис\Documents\Visual Studio 2012\Projects\Quick Sort\Debug\Quick Sort.exe
C:\Users\Борис\Documents\Visual Studio 2012\Projects\Quick Sort\Debug\Quick Sort.ilk
