C:\USERS\Борис\DOCUMENTS\VISUAL STUDIO 2012\PROJECTS\GRAPH\GRAPH\DEBUG\GRAPH.OBJ
C:\USERS\Борис\DOCUMENTS\VISUAL STUDIO 2012\PROJECTS\GRAPH\GRAPH\DEBUG\MAIN.OBJ
C:\USERS\Борис\DOCUMENTS\VISUAL STUDIO 2012\PROJECTS\GRAPH\GRAPH\DEBUG\VERT.OBJ
C:\USERS\БОРИС\DOCUMENTS\VISUAL STUDIO 2012\PROJECTS\GRAPH\GRAPH\DEBUG\VC110.PDB
C:\USERS\Борис\DOCUMENTS\VISUAL STUDIO 2012\PROJECTS\GRAPH\DEBUG\GRAPH.ILK
C:\USERS\Борис\DOCUMENTS\VISUAL STUDIO 2012\PROJECTS\GRAPH\DEBUG\GRAPH.EXE
C:\USERS\БОРИС\DOCUMENTS\VISUAL STUDIO 2012\PROJECTS\GRAPH\DEBUG\GRAPH.PDB
C:\Users\Борис\Documents\Visual Studio 2012\Projects\Graph\Graph\Debug\Graph.obj
C:\Users\Борис\Documents\Visual Studio 2012\Projects\Graph\Graph\Debug\main.obj
C:\Users\Борис\Documents\Visual Studio 2012\Projects\Graph\Graph\Debug\Vert.obj
C:\Users\Борис\Documents\Visual Studio 2012\Projects\Graph\Graph\Debug\cl.command.1.tlog
C:\Users\Борис\Documents\Visual Studio 2012\Projects\Graph\Graph\Debug\CL.read.1.tlog
C:\Users\Борис\Documents\Visual Studio 2012\Projects\Graph\Graph\Debug\CL.write.1.tlog
C:\Users\Борис\Documents\Visual Studio 2012\Projects\Graph\Graph\Debug\link-cvtres.read.1.tlog
C:\Users\Борис\Documents\Visual Studio 2012\Projects\Graph\Graph\Debug\link-cvtres.write.1.tlog
C:\Users\Борис\Documents\Visual Studio 2012\Projects\Graph\Graph\Debug\link-rc.read.1.tlog
C:\Users\Борис\Documents\Visual Studio 2012\Projects\Graph\Graph\Debug\link-rc.write.1.tlog
C:\Users\Борис\Documents\Visual Studio 2012\Projects\Graph\Graph\Debug\link.command.1.tlog
C:\Users\Борис\Documents\Visual Studio 2012\Projects\Graph\Graph\Debug\link.read.1.tlog
C:\Users\Борис\Documents\Visual Studio 2012\Projects\Graph\Graph\Debug\link.write.1.tlog
C:\Users\Борис\Documents\Visual Studio 2012\Projects\Graph\Graph\Debug\vc110.idb
C:\Users\Борис\Documents\Visual Studio 2012\Projects\Graph\Graph\Debug\vc110.pdb
C:\Users\Борис\Documents\Visual Studio 2012\Projects\Graph\Debug\Graph.pdb
C:\Users\Борис\Documents\Visual Studio 2012\Projects\Graph\Debug\Graph.exe
C:\Users\Борис\Documents\Visual Studio 2012\Projects\Graph\Debug\Graph.ilk
