C:\USERS\Борис\DOCUMENTS\VISUAL STUDIO 2012\PROJECTS\Простые числа\Простые числа\DEBUG\MAIN.OBJ
C:\USERS\БОРИС\DOCUMENTS\VISUAL STUDIO 2012\PROJECTS\ПРОСТЫЕ ЧИСЛА\ПРОСТЫЕ ЧИСЛА\DEBUG\VC110.PDB
C:\USERS\Борис\DOCUMENTS\VISUAL STUDIO 2012\PROJECTS\Простые числа\DEBUG\Простые числа.ILK
C:\USERS\Борис\DOCUMENTS\VISUAL STUDIO 2012\PROJECTS\Простые числа\DEBUG\Простые числа.EXE
C:\USERS\БОРИС\DOCUMENTS\VISUAL STUDIO 2012\PROJECTS\ПРОСТЫЕ ЧИСЛА\DEBUG\ПРОСТЫЕ ЧИСЛА.PDB
C:\Users\Борис\Documents\Visual Studio 2012\Projects\Простые числа\Простые числа\Debug\main.obj
C:\Users\Борис\Documents\Visual Studio 2012\Projects\Простые числа\Простые числа\Debug\cl.command.1.tlog
C:\Users\Борис\Documents\Visual Studio 2012\Projects\Простые числа\Простые числа\Debug\CL.read.1.tlog
C:\Users\Борис\Documents\Visual Studio 2012\Projects\Простые числа\Простые числа\Debug\CL.write.1.tlog
C:\Users\Борис\Documents\Visual Studio 2012\Projects\Простые числа\Простые числа\Debug\link-cvtres.read.1.tlog
C:\Users\Борис\Documents\Visual Studio 2012\Projects\Простые числа\Простые числа\Debug\link-cvtres.write.1.tlog
C:\Users\Борис\Documents\Visual Studio 2012\Projects\Простые числа\Простые числа\Debug\link-rc.read.1.tlog
C:\Users\Борис\Documents\Visual Studio 2012\Projects\Простые числа\Простые числа\Debug\link-rc.write.1.tlog
C:\Users\Борис\Documents\Visual Studio 2012\Projects\Простые числа\Простые числа\Debug\link.command.1.tlog
C:\Users\Борис\Documents\Visual Studio 2012\Projects\Простые числа\Простые числа\Debug\link.read.1.tlog
C:\Users\Борис\Documents\Visual Studio 2012\Projects\Простые числа\Простые числа\Debug\link.write.1.tlog
C:\Users\Борис\Documents\Visual Studio 2012\Projects\Простые числа\Простые числа\Debug\vc110.idb
C:\Users\Борис\Documents\Visual Studio 2012\Projects\Простые числа\Простые числа\Debug\vc110.pdb
C:\Users\Борис\Documents\Visual Studio 2012\Projects\Простые числа\Debug\Простые числа.pdb
C:\Users\Борис\Documents\Visual Studio 2012\Projects\Простые числа\Debug\Простые числа.exe
C:\Users\Борис\Documents\Visual Studio 2012\Projects\Простые числа\Debug\Простые числа.ilk
