C:\USERS\Борис\DOCUMENTS\VISUAL STUDIO 2012\PROJECTS\CODING\CODING\DEBUG\MAIN.OBJ
C:\USERS\БОРИС\DOCUMENTS\VISUAL STUDIO 2012\PROJECTS\CODING\CODING\DEBUG\VC110.PDB
C:\USERS\Борис\DOCUMENTS\VISUAL STUDIO 2012\PROJECTS\CODING\DEBUG\CODING.ILK
C:\USERS\Борис\DOCUMENTS\VISUAL STUDIO 2012\PROJECTS\CODING\DEBUG\CODING.EXE
C:\USERS\БОРИС\DOCUMENTS\VISUAL STUDIO 2012\PROJECTS\CODING\DEBUG\CODING.PDB
C:\Users\Борис\Documents\Visual Studio 2012\Projects\Coding\Coding\Debug\main.obj
C:\Users\Борис\Documents\Visual Studio 2012\Projects\Coding\Coding\Debug\cl.command.1.tlog
C:\Users\Борис\Documents\Visual Studio 2012\Projects\Coding\Coding\Debug\CL.read.1.tlog
C:\Users\Борис\Documents\Visual Studio 2012\Projects\Coding\Coding\Debug\CL.write.1.tlog
C:\Users\Борис\Documents\Visual Studio 2012\Projects\Coding\Coding\Debug\link-cvtres.read.1.tlog
C:\Users\Борис\Documents\Visual Studio 2012\Projects\Coding\Coding\Debug\link-cvtres.write.1.tlog
C:\Users\Борис\Documents\Visual Studio 2012\Projects\Coding\Coding\Debug\link-rc.read.1.tlog
C:\Users\Борис\Documents\Visual Studio 2012\Projects\Coding\Coding\Debug\link-rc.write.1.tlog
C:\Users\Борис\Documents\Visual Studio 2012\Projects\Coding\Coding\Debug\link.command.1.tlog
C:\Users\Борис\Documents\Visual Studio 2012\Projects\Coding\Coding\Debug\link.read.1.tlog
C:\Users\Борис\Documents\Visual Studio 2012\Projects\Coding\Coding\Debug\link.write.1.tlog
C:\Users\Борис\Documents\Visual Studio 2012\Projects\Coding\Coding\Debug\vc110.idb
C:\Users\Борис\Documents\Visual Studio 2012\Projects\Coding\Coding\Debug\vc110.pdb
C:\Users\Борис\Documents\Visual Studio 2012\Projects\Coding\Debug\Coding.pdb
C:\Users\Борис\Documents\Visual Studio 2012\Projects\Coding\Debug\Coding.exe
C:\Users\Борис\Documents\Visual Studio 2012\Projects\Coding\Debug\Coding.ilk
