C:\USERS\Борис\DOCUMENTS\VISUAL STUDIO 2012\PROJECTS\MANTRIX_OBJECT\MANTRIX_OBJECT\DEBUG\MAIN_MATRIX_OBJECT.OBJ
C:\USERS\БОРИС\DOCUMENTS\VISUAL STUDIO 2012\PROJECTS\MANTRIX_OBJECT\MANTRIX_OBJECT\DEBUG\VC110.PDB
C:\USERS\Борис\DOCUMENTS\VISUAL STUDIO 2012\PROJECTS\MANTRIX_OBJECT\DEBUG\MANTRIX_OBJECT.ILK
C:\USERS\Борис\DOCUMENTS\VISUAL STUDIO 2012\PROJECTS\MANTRIX_OBJECT\DEBUG\MANTRIX_OBJECT.EXE
C:\USERS\БОРИС\DOCUMENTS\VISUAL STUDIO 2012\PROJECTS\MANTRIX_OBJECT\DEBUG\MANTRIX_OBJECT.PDB
C:\Users\Борис\Documents\Visual Studio 2012\Projects\mantrix_object\mantrix_object\Debug\main_matrix_object.obj
C:\Users\Борис\Documents\Visual Studio 2012\Projects\mantrix_object\mantrix_object\Debug\cl.command.1.tlog
C:\Users\Борис\Documents\Visual Studio 2012\Projects\mantrix_object\mantrix_object\Debug\CL.read.1.tlog
C:\Users\Борис\Documents\Visual Studio 2012\Projects\mantrix_object\mantrix_object\Debug\CL.write.1.tlog
C:\Users\Борис\Documents\Visual Studio 2012\Projects\mantrix_object\mantrix_object\Debug\link-cvtres.read.1.tlog
C:\Users\Борис\Documents\Visual Studio 2012\Projects\mantrix_object\mantrix_object\Debug\link-cvtres.write.1.tlog
C:\Users\Борис\Documents\Visual Studio 2012\Projects\mantrix_object\mantrix_object\Debug\link-rc.read.1.tlog
C:\Users\Борис\Documents\Visual Studio 2012\Projects\mantrix_object\mantrix_object\Debug\link-rc.write.1.tlog
C:\Users\Борис\Documents\Visual Studio 2012\Projects\mantrix_object\mantrix_object\Debug\link.command.1.tlog
C:\Users\Борис\Documents\Visual Studio 2012\Projects\mantrix_object\mantrix_object\Debug\link.read.1.tlog
C:\Users\Борис\Documents\Visual Studio 2012\Projects\mantrix_object\mantrix_object\Debug\link.write.1.tlog
C:\Users\Борис\Documents\Visual Studio 2012\Projects\mantrix_object\mantrix_object\Debug\vc110.idb
C:\Users\Борис\Documents\Visual Studio 2012\Projects\mantrix_object\mantrix_object\Debug\vc110.pdb
C:\Users\Борис\Documents\Visual Studio 2012\Projects\mantrix_object\Debug\mantrix_object.pdb
C:\Users\Борис\Documents\Visual Studio 2012\Projects\mantrix_object\Debug\mantrix_object.exe
C:\Users\Борис\Documents\Visual Studio 2012\Projects\mantrix_object\Debug\mantrix_object.ilk
