Build started 24.12.2012 12:35:20.
     1>Project "C:\Users\Борис\Documents\Visual Studio 2012\Projects\Knapsack\Knapsack\Knapsack.vcxproj" on node 2 (Build target(s)).
     1>ClCompile:
         C:\Program Files (x86)\Microsoft Visual Studio 11.0\VC\bin\CL.exe /c /Zi /nologo /W3 /WX- /O2 /Oi /Oy- /GL /D _MBCS /Gm- /EHsc /MD /GS /Gy /fp:precise /Zc:wchar_t /Zc:forScope /Fo"Release\\" /Fd"Release\vc110.pdb" /Gd /TP /analyze- /errorReport:prompt Main.cpp
         Main.cpp
     1>Main.cpp(33): warning C4996: 'scanf': This function or variable may be unsafe. Consider using scanf_s instead. To disable deprecation, use _CRT_SECURE_NO_WARNINGS. See online help for details.
                 C:\Program Files (x86)\Microsoft Visual Studio 11.0\VC\include\stdio.h(290) : see declaration of 'scanf'
     1>Main.cpp(34): warning C4996: 'gets': This function or variable may be unsafe. Consider using gets_s instead. To disable deprecation, use _CRT_SECURE_NO_WARNINGS. See online help for details.
                 C:\Program Files (x86)\Microsoft Visual Studio 11.0\VC\include\stdio.h(261) : see declaration of 'gets'
     1>Main.cpp(44): warning C4996: 'scanf': This function or variable may be unsafe. Consider using scanf_s instead. To disable deprecation, use _CRT_SECURE_NO_WARNINGS. See online help for details.
                 C:\Program Files (x86)\Microsoft Visual Studio 11.0\VC\include\stdio.h(290) : see declaration of 'scanf'
     1>Main.cpp(45): warning C4996: 'gets': This function or variable may be unsafe. Consider using gets_s instead. To disable deprecation, use _CRT_SECURE_NO_WARNINGS. See online help for details.
                 C:\Program Files (x86)\Microsoft Visual Studio 11.0\VC\include\stdio.h(261) : see declaration of 'gets'
     1>Main.cpp(58): warning C4996: 'scanf': This function or variable may be unsafe. Consider using scanf_s instead. To disable deprecation, use _CRT_SECURE_NO_WARNINGS. See online help for details.
                 C:\Program Files (x86)\Microsoft Visual Studio 11.0\VC\include\stdio.h(290) : see declaration of 'scanf'
     1>Main.cpp(59): warning C4996: 'gets': This function or variable may be unsafe. Consider using gets_s instead. To disable deprecation, use _CRT_SECURE_NO_WARNINGS. See online help for details.
                 C:\Program Files (x86)\Microsoft Visual Studio 11.0\VC\include\stdio.h(261) : see declaration of 'gets'
       Link:
         C:\Program Files (x86)\Microsoft Visual Studio 11.0\VC\bin\link.exe /ERRORREPORT:PROMPT /OUT:"C:\Users\Борис\Documents\Visual Studio 2012\Projects\Knapsack\Release\Knapsack.exe" /NOLOGO kernel32.lib user32.lib gdi32.lib winspool.lib comdlg32.lib advapi32.lib shell32.lib ole32.lib oleaut32.lib uuid.lib odbc32.lib odbccp32.lib /MANIFEST /MANIFESTUAC:"level='asInvoker' uiAccess='false'" /manifest:embed /DEBUG /PDB:"C:\Users\Борис\Documents\Visual Studio 2012\Projects\Knapsack\Release\Knapsack.pdb" /OPT:REF /OPT:ICF /LTCG /TLBID:1 /DYNAMICBASE /NXCOMPAT /IMPLIB:"C:\Users\Борис\Documents\Visual Studio 2012\Projects\Knapsack\Release\Knapsack.lib" /MACHINE:X86 /SAFESEH Release\Main.obj
         Generating code
         Finished generating code
         Knapsack.vcxproj -> C:\Users\Борис\Documents\Visual Studio 2012\Projects\Knapsack\Release\Knapsack.exe
     1>Done Building Project "C:\Users\Борис\Documents\Visual Studio 2012\Projects\Knapsack\Knapsack\Knapsack.vcxproj" (Build target(s)).

Build succeeded.

Time Elapsed 00:00:01.22
