C:\USERS\Борис\DOCUMENTS\VISUAL STUDIO 2012\PROJECTS\PROJECT\PROJECT\DEBUG\MAIN.OBJ
C:\USERS\БОРИС\DOCUMENTS\VISUAL STUDIO 2012\PROJECTS\PROJECT\PROJECT\DEBUG\VC110.PDB
C:\USERS\борис\DOCUMENTS\VISUAL STUDIO 2012\PROJECTS\PROJECT\DEBUG\PROJECT.ILK
C:\USERS\борис\DOCUMENTS\VISUAL STUDIO 2012\PROJECTS\PROJECT\DEBUG\PROJECT.EXE
C:\USERS\БОРИС\DOCUMENTS\VISUAL STUDIO 2012\PROJECTS\PROJECT\DEBUG\PROJECT.PDB
c:\Users\Борис\Documents\Visual Studio 2012\Projects\Project\Project\Debug\main.obj
c:\Users\Борис\Documents\Visual Studio 2012\Projects\Project\Project\Debug\cl.command.1.tlog
c:\Users\Борис\Documents\Visual Studio 2012\Projects\Project\Project\Debug\CL.read.1.tlog
c:\Users\Борис\Documents\Visual Studio 2012\Projects\Project\Project\Debug\CL.write.1.tlog
c:\Users\Борис\Documents\Visual Studio 2012\Projects\Project\Project\Debug\link-cvtres.read.1.tlog
c:\Users\Борис\Documents\Visual Studio 2012\Projects\Project\Project\Debug\link-cvtres.write.1.tlog
c:\Users\Борис\Documents\Visual Studio 2012\Projects\Project\Project\Debug\link-rc.read.1.tlog
c:\Users\Борис\Documents\Visual Studio 2012\Projects\Project\Project\Debug\link-rc.write.1.tlog
c:\Users\Борис\Documents\Visual Studio 2012\Projects\Project\Project\Debug\link.command.1.tlog
c:\Users\Борис\Documents\Visual Studio 2012\Projects\Project\Project\Debug\link.read.1.tlog
c:\Users\Борис\Documents\Visual Studio 2012\Projects\Project\Project\Debug\link.write.1.tlog
c:\Users\Борис\Documents\Visual Studio 2012\Projects\Project\Project\Debug\vc110.idb
c:\Users\Борис\Documents\Visual Studio 2012\Projects\Project\Project\Debug\vc110.pdb
c:\users\борис\Documents\Visual Studio 2012\Projects\Project\Debug\Project.pdb
c:\users\борис\Documents\Visual Studio 2012\Projects\Project\Debug\Project.exe
c:\users\борис\Documents\Visual Studio 2012\Projects\Project\Debug\Project.ilk
